error[E0277]: the trait bound `False: DiscriminantInRange` is not satisfied
 --> tests/09-variant-out-of-range.rs:8:10
  |
8 | #[derive(BitfieldSpecifier)]
  |          ^^^^^^^^^^^^^^^^^ the trait `DiscriminantInRange` is not implemented for `False`
  |
  = help: the trait `DiscriminantInRange` is implemented for `True`
  = note: this error originates in the derive macro `BitfieldSpecifier` (in Nightly builds, run with -Z macro-backtrace for more info)

error[E0080]: evaluation of constant value failed
  --> tests/09-variant-out-of-range.rs:17:5
   |
17 |     External,
   |     ^^^^^^^^ attempt to compute `0_u8 - 1_u8`, which would overflow
